<?xml version="1.0" encoding="UTF-8"?>
<!-- Generated by org.testng.reporters.JUnitReportReporter -->
<testsuite hostname="kashikas04" failures="0" tests="3" name="runner.TestRunner" time="36.318" errors="0" timestamp="2026-06-16T11:30:11 IST" skipped="0">
  <testcase classname="runner.TestRunner" name="runScenario" time="15.625"/>
  <testcase classname="runner.TestRunner" name="runScenario" time="9.059"/>
  <testcase classname="runner.TestRunner" name="runScenario" time="11.634"/>
</testsuite> <!-- runner.TestRunner -->
